<?xml version="1.0" encoding="UTF-8"?>
<testng-results skipped="0" failed="1" ignored="0" total="1" passed="0">
  <reporter-output>
  </reporter-output>
  <suite name="Default suite" duration-ms="44425" started-at="2022-10-14T22:49:42 IST" finished-at="2022-10-14T22:50:26 IST">
    <groups>
    </groups>
    <test name="Default test" duration-ms="44425" started-at="2022-10-14T22:49:42 IST" finished-at="2022-10-14T22:50:26 IST">
      <class name="com.fasttrack22.ProductTests">
        <test-method status="PASS" signature="setUP(java.lang.String)[pri:0, instance:com.fasttrack22.ProductTests@4ae82894]" name="setUP" is-config="true" duration-ms="21505" started-at="2022-10-14T22:49:42 IST" finished-at="2022-10-14T22:50:03 IST">
          <params>
            <param index="0">
              <value is-null="true"/>
            </param>
          </params>
          <reporter-output>
          </reporter-output>
        </test-method> <!-- setUP -->
        <test-method status="FAIL" signature="verifyItemCountOfCasualShirts()[pri:0, instance:com.fasttrack22.ProductTests@4ae82894]" name="verifyItemCountOfCasualShirts" duration-ms="21727" started-at="2022-10-14T22:50:03 IST" finished-at="2022-10-14T22:50:25 IST">
          <exception class="java.lang.IllegalStateException">
            <message>
              <![CDATA[No match found]]>
            </message>
            <full-stacktrace>
              <![CDATA[java.lang.IllegalStateException: No match found
at java.util.regex.Matcher.group(Unknown Source)
at java.util.regex.Matcher.group(Unknown Source)
at com.fasttrack.pages.CasualShirtsPage.getItemCount(CasualShirtsPage.java:18)
at com.fasttrack22.ProductTests.verifyItemCountOfCasualShirts(ProductTests.java:73)
at sun.reflect.NativeMethodAccessorImpl.invoke0(Native Method)
at sun.reflect.NativeMethodAccessorImpl.invoke(Unknown Source)
at sun.reflect.DelegatingMethodAccessorImpl.invoke(Unknown Source)
at java.lang.reflect.Method.invoke(Unknown Source)
at org.testng.internal.MethodInvocationHelper.invokeMethod(MethodInvocationHelper.java:133)
at org.testng.internal.TestInvoker.invokeMethod(TestInvoker.java:598)
at org.testng.internal.TestInvoker.invokeTestMethod(TestInvoker.java:173)
at org.testng.internal.MethodRunner.runInSequence(MethodRunner.java:46)
at org.testng.internal.TestInvoker$MethodInvocationAgent.invoke(TestInvoker.java:824)
at org.testng.internal.TestInvoker.invokeTestMethods(TestInvoker.java:146)
at org.testng.internal.TestMethodWorker.invokeTestMethods(TestMethodWorker.java:146)
at org.testng.internal.TestMethodWorker.run(TestMethodWorker.java:128)
at java.util.ArrayList.forEach(Unknown Source)
at org.testng.TestRunner.privateRun(TestRunner.java:794)
at org.testng.TestRunner.run(TestRunner.java:596)
at org.testng.SuiteRunner.runTest(SuiteRunner.java:377)
at org.testng.SuiteRunner.runSequentially(SuiteRunner.java:371)
at org.testng.SuiteRunner.privateRun(SuiteRunner.java:332)
at org.testng.SuiteRunner.run(SuiteRunner.java:276)
at org.testng.SuiteRunnerWorker.runSuite(SuiteRunnerWorker.java:53)
at org.testng.SuiteRunnerWorker.run(SuiteRunnerWorker.java:96)
at org.testng.TestNG.runSuitesSequentially(TestNG.java:1212)
at org.testng.TestNG.runSuitesLocally(TestNG.java:1134)
at org.testng.TestNG.runSuites(TestNG.java:1063)
at org.testng.TestNG.run(TestNG.java:1031)
at org.testng.remote.AbstractRemoteTestNG.run(AbstractRemoteTestNG.java:115)
at org.testng.remote.RemoteTestNG.initAndRun(RemoteTestNG.java:251)
at org.testng.remote.RemoteTestNG.main(RemoteTestNG.java:77)
]]>
            </full-stacktrace>
          </exception> <!-- java.lang.IllegalStateException -->
          <reporter-output>
          </reporter-output>
        </test-method> <!-- verifyItemCountOfCasualShirts -->
      </class> <!-- com.fasttrack22.ProductTests -->
    </test> <!-- Default test -->
  </suite> <!-- Default suite -->
</testng-results>
